[debug] [2023-03-15T17:15:29.013Z] ----------------------------------------------------------------------
[debug] [2023-03-15T17:15:29.014Z] Command:       /Users/ray/.nvm/versions/node/v18.12.1/bin/node /Users/ray/.nvm/versions/node/v18.12.1/bin/firebase init functions
[debug] [2023-03-15T17:15:29.015Z] CLI Version:   11.24.1
[debug] [2023-03-15T17:15:29.015Z] Platform:      darwin
[debug] [2023-03-15T17:15:29.015Z] Node Version:  v18.12.1
[debug] [2023-03-15T17:15:29.016Z] Time:          Wed Mar 15 2023 11:15:29 GMT-0600 (Mountain Daylight Time)
[debug] [2023-03-15T17:15:29.016Z] ----------------------------------------------------------------------
[debug] 
[debug] [2023-03-15T17:15:29.022Z] > command requires scopes: ["email","openid","https://www.googleapis.com/auth/cloudplatformprojects.readonly","https://www.googleapis.com/auth/firebase","https://www.googleapis.com/auth/cloud-platform"]
[debug] [2023-03-15T17:15:29.022Z] > authorizing via signed-in user (rachelanntheresa2613@gmail.com)
[info] 
     ######## #### ########  ######## ########     ###     ######  ########
     ##        ##  ##     ## ##       ##     ##  ##   ##  ##       ##
     ######    ##  ########  ######   ########  #########  ######  ######
     ##        ##  ##    ##  ##       ##     ## ##     ##       ## ##
     ##       #### ##     ## ######## ########  ##     ##  ######  ########

You're about to initialize a Firebase project in this directory:

  /Users/ray/Desktop/repo react-firebase-chat

[info] 
=== Project Setup
[info] 
[info] First, let's associate this project directory with a Firebase project.
[info] You can create multiple project aliases by running firebase use --add, 
[info] but for now we'll just set up a default project.
[info] 
[debug] [2023-03-15T17:15:49.428Z] >>> [apiv2][query] GET https://firebase.googleapis.com/v1beta1/projects pageSize=100
[debug] [2023-03-15T17:15:49.812Z] <<< [apiv2][status] GET https://firebase.googleapis.com/v1beta1/projects 200
[debug] [2023-03-15T17:15:49.812Z] <<< [apiv2][body] GET https://firebase.googleapis.com/v1beta1/projects [omitted]
[info] i  Using project react-firebase-mini-chat-app (React Firebase Mini Chat App) 
[info] 
=== Functions Setup
[debug] [2023-03-15T17:15:55.832Z] > command requires scopes: ["email","openid","https://www.googleapis.com/auth/cloudplatformprojects.readonly","https://www.googleapis.com/auth/firebase","https://www.googleapis.com/auth/cloud-platform"]
[debug] [2023-03-15T17:15:55.832Z] > authorizing via signed-in user (rachelanntheresa2613@gmail.com)
[debug] [2023-03-15T17:15:55.832Z] [iam] checking project react-firebase-mini-chat-app for permissions ["firebase.projects.get"]
[debug] [2023-03-15T17:15:55.834Z] >>> [apiv2][query] POST https://cloudresourcemanager.googleapis.com/v1/projects/react-firebase-mini-chat-app:testIamPermissions [none]
[debug] [2023-03-15T17:15:55.834Z] >>> [apiv2][(partial)header] POST https://cloudresourcemanager.googleapis.com/v1/projects/react-firebase-mini-chat-app:testIamPermissions x-goog-quota-user=projects/react-firebase-mini-chat-app
[debug] [2023-03-15T17:15:55.834Z] >>> [apiv2][body] POST https://cloudresourcemanager.googleapis.com/v1/projects/react-firebase-mini-chat-app:testIamPermissions {"permissions":["firebase.projects.get"]}
[debug] [2023-03-15T17:15:55.971Z] <<< [apiv2][status] POST https://cloudresourcemanager.googleapis.com/v1/projects/react-firebase-mini-chat-app:testIamPermissions 200
[debug] [2023-03-15T17:15:55.971Z] <<< [apiv2][body] POST https://cloudresourcemanager.googleapis.com/v1/projects/react-firebase-mini-chat-app:testIamPermissions {"permissions":["firebase.projects.get"]}
[debug] [2023-03-15T17:15:55.972Z] >>> [apiv2][query] GET https://serviceusage.googleapis.com/v1/projects/react-firebase-mini-chat-app/services/cloudfunctions.googleapis.com [none]
[debug] [2023-03-15T17:15:55.972Z] >>> [apiv2][(partial)header] GET https://serviceusage.googleapis.com/v1/projects/react-firebase-mini-chat-app/services/cloudfunctions.googleapis.com x-goog-quota-user=projects/react-firebase-mini-chat-app
[debug] [2023-03-15T17:15:55.974Z] >>> [apiv2][query] GET https://serviceusage.googleapis.com/v1/projects/react-firebase-mini-chat-app/services/runtimeconfig.googleapis.com [none]
[debug] [2023-03-15T17:15:55.974Z] >>> [apiv2][(partial)header] GET https://serviceusage.googleapis.com/v1/projects/react-firebase-mini-chat-app/services/runtimeconfig.googleapis.com x-goog-quota-user=projects/react-firebase-mini-chat-app
[debug] [2023-03-15T17:15:56.258Z] <<< [apiv2][status] GET https://serviceusage.googleapis.com/v1/projects/react-firebase-mini-chat-app/services/runtimeconfig.googleapis.com 200
[debug] [2023-03-15T17:15:56.259Z] <<< [apiv2][body] GET https://serviceusage.googleapis.com/v1/projects/react-firebase-mini-chat-app/services/runtimeconfig.googleapis.com [omitted]
[debug] [2023-03-15T17:15:56.359Z] <<< [apiv2][status] GET https://serviceusage.googleapis.com/v1/projects/react-firebase-mini-chat-app/services/cloudfunctions.googleapis.com 200
[debug] [2023-03-15T17:15:56.359Z] <<< [apiv2][body] GET https://serviceusage.googleapis.com/v1/projects/react-firebase-mini-chat-app/services/cloudfunctions.googleapis.com [omitted]
[debug] [2023-03-15T17:15:56.360Z] >>> [apiv2][query] POST https://serviceusage.googleapis.com/v1/projects/react-firebase-mini-chat-app/services/cloudfunctions.googleapis.com:enable [none]
[debug] [2023-03-15T17:15:56.362Z] >>> [apiv2][(partial)header] POST https://serviceusage.googleapis.com/v1/projects/react-firebase-mini-chat-app/services/cloudfunctions.googleapis.com:enable x-goog-quota-user=projects/react-firebase-mini-chat-app
[debug] [2023-03-15T17:15:56.802Z] <<< [apiv2][status] POST https://serviceusage.googleapis.com/v1/projects/react-firebase-mini-chat-app/services/cloudfunctions.googleapis.com:enable 200
[debug] [2023-03-15T17:15:56.802Z] <<< [apiv2][body] POST https://serviceusage.googleapis.com/v1/projects/react-firebase-mini-chat-app/services/cloudfunctions.googleapis.com:enable [omitted]
[debug] [2023-03-15T17:16:06.805Z] >>> [apiv2][query] GET https://serviceusage.googleapis.com/v1/projects/react-firebase-mini-chat-app/services/cloudfunctions.googleapis.com [none]
[debug] [2023-03-15T17:16:06.805Z] >>> [apiv2][(partial)header] GET https://serviceusage.googleapis.com/v1/projects/react-firebase-mini-chat-app/services/cloudfunctions.googleapis.com x-goog-quota-user=projects/react-firebase-mini-chat-app
[debug] [2023-03-15T17:16:07.080Z] <<< [apiv2][status] GET https://serviceusage.googleapis.com/v1/projects/react-firebase-mini-chat-app/services/cloudfunctions.googleapis.com 200
[debug] [2023-03-15T17:16:07.080Z] <<< [apiv2][body] GET https://serviceusage.googleapis.com/v1/projects/react-firebase-mini-chat-app/services/cloudfunctions.googleapis.com [omitted]
[info] Let's create a new codebase for your functions.
[info] A directory corresponding to the codebase will be created in your project
[info] with sample code pre-configured.

[info] See https://firebase.google.com/docs/functions/organize-functions for
[info] more information on organizing your functions using codebases.

[info] Functions can be deployed with firebase deploy.

